[2015-11-16 16:13:56] production.ERROR: exception 'InvalidArgumentException' with message 'There are no commands defined in the "migration" namespace.

Did you mean this?
    migrate' in D:\My Projects\htdocs\laravel\ecomm\vendor\symfony\console\Symfony\Component\Console\Application.php:516
Stack trace:
#0 D:\My Projects\htdocs\laravel\ecomm\vendor\symfony\console\Symfony\Component\Console\Application.php(550): Symfony\Component\Console\Application->findNamespace('migration')
#1 D:\My Projects\htdocs\laravel\ecomm\vendor\symfony\console\Symfony\Component\Console\Application.php(190): Symfony\Component\Console\Application->find('migration:make')
#2 D:\My Projects\htdocs\laravel\ecomm\vendor\symfony\console\Symfony\Component\Console\Application.php(124): Symfony\Component\Console\Application->doRun(Object(Symfony\Component\Console\Input\ArgvInput), Object(Symfony\Component\Console\Output\ConsoleOutput))
#3 D:\My Projects\htdocs\laravel\ecomm\artisan(59): Symfony\Component\Console\Application->run()
#4 {main} [] []
[2015-11-16 16:49:19] production.ERROR: exception 'Symfony\Component\Debug\Exception\FatalErrorException' with message 'syntax error, unexpected ':', expecting ',' or ';'' in D:\My Projects\htdocs\laravel\ecomm\app\storage\views\d3254bcc4aa9c0665e7df569ae0af9a4:19
Stack trace:
#0 [internal function]: Illuminate\Exception\Handler->handleShutdown()
#1 {main} [] []
[2015-11-16 16:49:57] production.ERROR: exception 'Symfony\Component\Debug\Exception\FatalErrorException' with message 'syntax error, unexpected ':', expecting ',' or ';'' in D:\My Projects\htdocs\laravel\ecomm\app\storage\views\d3254bcc4aa9c0665e7df569ae0af9a4:19
Stack trace:
#0 [internal function]: Illuminate\Exception\Handler->handleShutdown()
#1 {main} [] []
[2015-11-16 16:51:47] production.ERROR: exception 'Symfony\Component\Debug\Exception\FatalErrorException' with message 'syntax error, unexpected ':', expecting ',' or ';'' in D:\My Projects\htdocs\laravel\ecomm\app\storage\views\d3254bcc4aa9c0665e7df569ae0af9a4:19
Stack trace:
#0 [internal function]: Illuminate\Exception\Handler->handleShutdown()
#1 {main} [] []
[2015-11-16 16:52:25] production.ERROR: exception 'Symfony\Component\Debug\Exception\FatalErrorException' with message 'syntax error, unexpected ':', expecting ',' or ';'' in D:\My Projects\htdocs\laravel\ecomm\app\storage\views\d3254bcc4aa9c0665e7df569ae0af9a4:19
Stack trace:
#0 [internal function]: Illuminate\Exception\Handler->handleShutdown()
#1 {main} [] []
[2015-11-16 16:53:03] production.ERROR: exception 'Symfony\Component\Debug\Exception\FatalErrorException' with message 'syntax error, unexpected ':', expecting ',' or ';'' in D:\My Projects\htdocs\laravel\ecomm\app\storage\views\d3254bcc4aa9c0665e7df569ae0af9a4:19
Stack trace:
#0 [internal function]: Illuminate\Exception\Handler->handleShutdown()
#1 {main} [] []
[2015-11-16 16:53:49] production.ERROR: exception 'InvalidArgumentException' with message 'View [layout.main] not found.' in D:\My Projects\htdocs\laravel\ecomm\bootstrap\compiled.php:9554
Stack trace:
#0 D:\My Projects\htdocs\laravel\ecomm\bootstrap\compiled.php(9527): Illuminate\View\FileViewFinder->findInPaths('layout.main', Array)
#1 D:\My Projects\htdocs\laravel\ecomm\vendor\laravel\framework\src\Illuminate\View\Factory.php(124): Illuminate\View\FileViewFinder->find('layout.main')
#2 D:\My Projects\htdocs\laravel\ecomm\app\storage\views\d3254bcc4aa9c0665e7df569ae0af9a4(56): Illuminate\View\Factory->make('layout.main', Array)
#3 D:\My Projects\htdocs\laravel\ecomm\bootstrap\compiled.php(9923): include('D:\\My Projects\\...')
#4 D:\My Projects\htdocs\laravel\ecomm\vendor\laravel\framework\src\Illuminate\View\Engines\CompilerEngine.php(56): Illuminate\View\Engines\PhpEngine->evaluatePath('D:\\My Projects\\...', Array)
#5 D:\My Projects\htdocs\laravel\ecomm\bootstrap\compiled.php(9801): Illuminate\View\Engines\CompilerEngine->get('D:\\My Projects\\...', Array)
#6 D:\My Projects\htdocs\laravel\ecomm\bootstrap\compiled.php(9788): Illuminate\View\View->getContents()
#7 D:\My Projects\htdocs\laravel\ecomm\bootstrap\compiled.php(9779): Illuminate\View\View->renderContents()
#8 D:\My Projects\htdocs\laravel\ecomm\bootstrap\compiled.php(10481): Illuminate\View\View->render()
#9 D:\My Projects\htdocs\laravel\ecomm\bootstrap\compiled.php(10011): Illuminate\Http\Response->setContent(Object(Illuminate\View\View))
#10 D:\My Projects\htdocs\laravel\ecomm\bootstrap\compiled.php(5258): Symfony\Component\HttpFoundation\Response->__construct(Object(Illuminate\View\View))
#11 D:\My Projects\htdocs\laravel\ecomm\bootstrap\compiled.php(5067): Illuminate\Routing\Router->prepareResponse(Object(Illuminate\Http\Request), Object(Illuminate\View\View))
#12 D:\My Projects\htdocs\laravel\ecomm\bootstrap\compiled.php(5053): Illuminate\Routing\Router->dispatchToRoute(Object(Illuminate\Http\Request))
#13 D:\My Projects\htdocs\laravel\ecomm\bootstrap\compiled.php(715): Illuminate\Routing\Router->dispatch(Object(Illuminate\Http\Request))
#14 D:\My Projects\htdocs\laravel\ecomm\bootstrap\compiled.php(696): Illuminate\Foundation\Application->dispatch(Object(Illuminate\Http\Request))
#15 D:\My Projects\htdocs\laravel\ecomm\bootstrap\compiled.php(7825): Illuminate\Foundation\Application->handle(Object(Illuminate\Http\Request), 1, true)
#16 D:\My Projects\htdocs\laravel\ecomm\bootstrap\compiled.php(8432): Illuminate\Session\Middleware->handle(Object(Illuminate\Http\Request), 1, true)
#17 D:\My Projects\htdocs\laravel\ecomm\bootstrap\compiled.php(8379): Illuminate\Cookie\Queue->handle(Object(Illuminate\Http\Request), 1, true)
#18 D:\My Projects\htdocs\laravel\ecomm\bootstrap\compiled.php(11088): Illuminate\Cookie\Guard->handle(Object(Illuminate\Http\Request), 1, true)
#19 D:\My Projects\htdocs\laravel\ecomm\bootstrap\compiled.php(657): Stack\StackedHttpKernel->handle(Object(Illuminate\Http\Request))
#20 D:\My Projects\htdocs\laravel\ecomm\public\index.php(49): Illuminate\Foundation\Application->run()
#21 D:\My Projects\htdocs\laravel\ecomm\server.php(19): require_once('D:\\My Projects\\...')
#22 {main}

Next exception 'ErrorException' with message 'View [layout.main] not found. (View: D:\My Projects\htdocs\laravel\ecomm\app\views\categories\index.blade.php)' in D:\My Projects\htdocs\laravel\ecomm\bootstrap\compiled.php:9554
Stack trace:
#0 D:\My Projects\htdocs\laravel\ecomm\bootstrap\compiled.php(9925): Illuminate\View\Engines\CompilerEngine->handleViewException(Object(InvalidArgumentException), 1)
#1 D:\My Projects\htdocs\laravel\ecomm\vendor\laravel\framework\src\Illuminate\View\Engines\CompilerEngine.php(56): Illuminate\View\Engines\PhpEngine->evaluatePath('D:\\My Projects\\...', Array)
#2 D:\My Projects\htdocs\laravel\ecomm\bootstrap\compiled.php(9801): Illuminate\View\Engines\CompilerEngine->get('D:\\My Projects\\...', Array)
#3 D:\My Projects\htdocs\laravel\ecomm\bootstrap\compiled.php(9788): Illuminate\View\View->getContents()
#4 D:\My Projects\htdocs\laravel\ecomm\bootstrap\compiled.php(9779): Illuminate\View\View->renderContents()
#5 D:\My Projects\htdocs\laravel\ecomm\bootstrap\compiled.php(10481): Illuminate\View\View->render()
#6 D:\My Projects\htdocs\laravel\ecomm\bootstrap\compiled.php(10011): Illuminate\Http\Response->setContent(Object(Illuminate\View\View))
#7 D:\My Projects\htdocs\laravel\ecomm\bootstrap\compiled.php(5258): Symfony\Component\HttpFoundation\Response->__construct(Object(Illuminate\View\View))
#8 D:\My Projects\htdocs\laravel\ecomm\bootstrap\compiled.php(5067): Illuminate\Routing\Router->prepareResponse(Object(Illuminate\Http\Request), Object(Illuminate\View\View))
#9 D:\My Projects\htdocs\laravel\ecomm\bootstrap\compiled.php(5053): Illuminate\Routing\Router->dispatchToRoute(Object(Illuminate\Http\Request))
#10 D:\My Projects\htdocs\laravel\ecomm\bootstrap\compiled.php(715): Illuminate\Routing\Router->dispatch(Object(Illuminate\Http\Request))
#11 D:\My Projects\htdocs\laravel\ecomm\bootstrap\compiled.php(696): Illuminate\Foundation\Application->dispatch(Object(Illuminate\Http\Request))
#12 D:\My Projects\htdocs\laravel\ecomm\bootstrap\compiled.php(7825): Illuminate\Foundation\Application->handle(Object(Illuminate\Http\Request), 1, true)
#13 D:\My Projects\htdocs\laravel\ecomm\bootstrap\compiled.php(8432): Illuminate\Session\Middleware->handle(Object(Illuminate\Http\Request), 1, true)
#14 D:\My Projects\htdocs\laravel\ecomm\bootstrap\compiled.php(8379): Illuminate\Cookie\Queue->handle(Object(Illuminate\Http\Request), 1, true)
#15 D:\My Projects\htdocs\laravel\ecomm\bootstrap\compiled.php(11088): Illuminate\Cookie\Guard->handle(Object(Illuminate\Http\Request), 1, true)
#16 D:\My Projects\htdocs\laravel\ecomm\bootstrap\compiled.php(657): Stack\StackedHttpKernel->handle(Object(Illuminate\Http\Request))
#17 D:\My Projects\htdocs\laravel\ecomm\public\index.php(49): Illuminate\Foundation\Application->run()
#18 D:\My Projects\htdocs\laravel\ecomm\server.php(19): require_once('D:\\My Projects\\...')
#19 {main} [] []
[2015-11-16 16:54:34] production.ERROR: exception 'Symfony\Component\Debug\Exception\FatalErrorException' with message 'syntax error, unexpected ';'' in D:\My Projects\htdocs\laravel\ecomm\app\storage\views\11e5e0864f0d15209e85e02e1687fe98:41
Stack trace:
#0 [internal function]: Illuminate\Exception\Handler->handleShutdown()
#1 {main} [] []
[2015-11-16 16:55:12] production.ERROR: exception 'Symfony\Component\Debug\Exception\FatalErrorException' with message 'syntax error, unexpected ';'' in D:\My Projects\htdocs\laravel\ecomm\app\storage\views\11e5e0864f0d15209e85e02e1687fe98:78
Stack trace:
#0 [internal function]: Illuminate\Exception\Handler->handleShutdown()
#1 {main} [] []
[2015-11-16 16:55:29] production.ERROR: exception 'Symfony\Component\Debug\Exception\FatalErrorException' with message 'syntax error, unexpected ':', expecting ',' or ';'' in D:\My Projects\htdocs\laravel\ecomm\app\storage\views\11e5e0864f0d15209e85e02e1687fe98:176
Stack trace:
#0 [internal function]: Illuminate\Exception\Handler->handleShutdown()
#1 {main} [] []
[2015-11-16 16:56:09] production.ERROR: exception 'Symfony\Component\HttpKernel\Exception\NotFoundHttpException' in D:\My Projects\htdocs\laravel\ecomm\bootstrap\compiled.php:5751
Stack trace:
#0 D:\My Projects\htdocs\laravel\ecomm\bootstrap\compiled.php(5073): Illuminate\Routing\RouteCollection->match(Object(Illuminate\Http\Request))
#1 D:\My Projects\htdocs\laravel\ecomm\bootstrap\compiled.php(5061): Illuminate\Routing\Router->findRoute(Object(Illuminate\Http\Request))
#2 D:\My Projects\htdocs\laravel\ecomm\bootstrap\compiled.php(5053): Illuminate\Routing\Router->dispatchToRoute(Object(Illuminate\Http\Request))
#3 D:\My Projects\htdocs\laravel\ecomm\bootstrap\compiled.php(715): Illuminate\Routing\Router->dispatch(Object(Illuminate\Http\Request))
#4 D:\My Projects\htdocs\laravel\ecomm\bootstrap\compiled.php(696): Illuminate\Foundation\Application->dispatch(Object(Illuminate\Http\Request))
#5 D:\My Projects\htdocs\laravel\ecomm\bootstrap\compiled.php(7825): Illuminate\Foundation\Application->handle(Object(Illuminate\Http\Request), 1, true)
#6 D:\My Projects\htdocs\laravel\ecomm\bootstrap\compiled.php(8432): Illuminate\Session\Middleware->handle(Object(Illuminate\Http\Request), 1, true)
#7 D:\My Projects\htdocs\laravel\ecomm\bootstrap\compiled.php(8379): Illuminate\Cookie\Queue->handle(Object(Illuminate\Http\Request), 1, true)
#8 D:\My Projects\htdocs\laravel\ecomm\bootstrap\compiled.php(11088): Illuminate\Cookie\Guard->handle(Object(Illuminate\Http\Request), 1, true)
#9 D:\My Projects\htdocs\laravel\ecomm\bootstrap\compiled.php(657): Stack\StackedHttpKernel->handle(Object(Illuminate\Http\Request))
#10 D:\My Projects\htdocs\laravel\ecomm\public\index.php(49): Illuminate\Foundation\Application->run()
#11 D:\My Projects\htdocs\laravel\ecomm\server.php(19): require_once('D:\\My Projects\\...')
#12 {main} [] []
[2015-11-16 16:56:10] production.ERROR: exception 'Symfony\Component\HttpKernel\Exception\NotFoundHttpException' in D:\My Projects\htdocs\laravel\ecomm\bootstrap\compiled.php:5751
Stack trace:
#0 D:\My Projects\htdocs\laravel\ecomm\bootstrap\compiled.php(5073): Illuminate\Routing\RouteCollection->match(Object(Illuminate\Http\Request))
#1 D:\My Projects\htdocs\laravel\ecomm\bootstrap\compiled.php(5061): Illuminate\Routing\Router->findRoute(Object(Illuminate\Http\Request))
#2 D:\My Projects\htdocs\laravel\ecomm\bootstrap\compiled.php(5053): Illuminate\Routing\Router->dispatchToRoute(Object(Illuminate\Http\Request))
#3 D:\My Projects\htdocs\laravel\ecomm\bootstrap\compiled.php(715): Illuminate\Routing\Router->dispatch(Object(Illuminate\Http\Request))
#4 D:\My Projects\htdocs\laravel\ecomm\bootstrap\compiled.php(696): Illuminate\Foundation\Application->dispatch(Object(Illuminate\Http\Request))
#5 D:\My Projects\htdocs\laravel\ecomm\bootstrap\compiled.php(7825): Illuminate\Foundation\Application->handle(Object(Illuminate\Http\Request), 1, true)
#6 D:\My Projects\htdocs\laravel\ecomm\bootstrap\compiled.php(8432): Illuminate\Session\Middleware->handle(Object(Illuminate\Http\Request), 1, true)
#7 D:\My Projects\htdocs\laravel\ecomm\bootstrap\compiled.php(8379): Illuminate\Cookie\Queue->handle(Object(Illuminate\Http\Request), 1, true)
#8 D:\My Projects\htdocs\laravel\ecomm\bootstrap\compiled.php(11088): Illuminate\Cookie\Guard->handle(Object(Illuminate\Http\Request), 1, true)
#9 D:\My Projects\htdocs\laravel\ecomm\bootstrap\compiled.php(657): Stack\StackedHttpKernel->handle(Object(Illuminate\Http\Request))
#10 D:\My Projects\htdocs\laravel\ecomm\public\index.php(49): Illuminate\Foundation\Application->run()
#11 D:\My Projects\htdocs\laravel\ecomm\server.php(19): require_once('D:\\My Projects\\...')
#12 {main} [] []
[2015-11-16 16:56:10] production.ERROR: exception 'Symfony\Component\HttpKernel\Exception\NotFoundHttpException' in D:\My Projects\htdocs\laravel\ecomm\bootstrap\compiled.php:5751
Stack trace:
#0 D:\My Projects\htdocs\laravel\ecomm\bootstrap\compiled.php(5073): Illuminate\Routing\RouteCollection->match(Object(Illuminate\Http\Request))
#1 D:\My Projects\htdocs\laravel\ecomm\bootstrap\compiled.php(5061): Illuminate\Routing\Router->findRoute(Object(Illuminate\Http\Request))
#2 D:\My Projects\htdocs\laravel\ecomm\bootstrap\compiled.php(5053): Illuminate\Routing\Router->dispatchToRoute(Object(Illuminate\Http\Request))
#3 D:\My Projects\htdocs\laravel\ecomm\bootstrap\compiled.php(715): Illuminate\Routing\Router->dispatch(Object(Illuminate\Http\Request))
#4 D:\My Projects\htdocs\laravel\ecomm\bootstrap\compiled.php(696): Illuminate\Foundation\Application->dispatch(Object(Illuminate\Http\Request))
#5 D:\My Projects\htdocs\laravel\ecomm\bootstrap\compiled.php(7825): Illuminate\Foundation\Application->handle(Object(Illuminate\Http\Request), 1, true)
#6 D:\My Projects\htdocs\laravel\ecomm\bootstrap\compiled.php(8432): Illuminate\Session\Middleware->handle(Object(Illuminate\Http\Request), 1, true)
#7 D:\My Projects\htdocs\laravel\ecomm\bootstrap\compiled.php(8379): Illuminate\Cookie\Queue->handle(Object(Illuminate\Http\Request), 1, true)
#8 D:\My Projects\htdocs\laravel\ecomm\bootstrap\compiled.php(11088): Illuminate\Cookie\Guard->handle(Object(Illuminate\Http\Request), 1, true)
#9 D:\My Projects\htdocs\laravel\ecomm\bootstrap\compiled.php(657): Stack\StackedHttpKernel->handle(Object(Illuminate\Http\Request))
#10 D:\My Projects\htdocs\laravel\ecomm\public\index.php(49): Illuminate\Foundation\Application->run()
#11 D:\My Projects\htdocs\laravel\ecomm\server.php(19): require_once('D:\\My Projects\\...')
#12 {main} [] []
[2015-11-16 16:56:10] production.ERROR: exception 'Symfony\Component\HttpKernel\Exception\NotFoundHttpException' with message 'Controller method not found.' in D:\My Projects\htdocs\laravel\ecomm\vendor\laravel\framework\src\Illuminate\Routing\Controller.php:254
Stack trace:
#0 [internal function]: Illuminate\Routing\Controller->missingMethod(Array)
#1 D:\My Projects\htdocs\laravel\ecomm\vendor\laravel\framework\src\Illuminate\Routing\Controller.php(231): call_user_func_array(Array, Array)
#2 D:\My Projects\htdocs\laravel\ecomm\bootstrap\compiled.php(5847): Illuminate\Routing\Controller->callAction('missingMethod', Array)
#3 D:\My Projects\htdocs\laravel\ecomm\bootstrap\compiled.php(5835): Illuminate\Routing\ControllerDispatcher->call(Object(CategoriesController), Object(Illuminate\Routing\Route), 'missingMethod')
#4 D:\My Projects\htdocs\laravel\ecomm\bootstrap\compiled.php(5040): Illuminate\Routing\ControllerDispatcher->dispatch(Object(Illuminate\Routing\Route), Object(Illuminate\Http\Request), 'CategoriesContr...', 'missingMethod')
#5 [internal function]: Illuminate\Routing\Router->Illuminate\Routing\{closure}(Array)
#6 D:\My Projects\htdocs\laravel\ecomm\bootstrap\compiled.php(5398): call_user_func_array(Object(Closure), Array)
#7 D:\My Projects\htdocs\laravel\ecomm\bootstrap\compiled.php(5065): Illuminate\Routing\Route->run(Object(Illuminate\Http\Request))
#8 D:\My Projects\htdocs\laravel\ecomm\bootstrap\compiled.php(5053): Illuminate\Routing\Router->dispatchToRoute(Object(Illuminate\Http\Request))
#9 D:\My Projects\htdocs\laravel\ecomm\bootstrap\compiled.php(715): Illuminate\Routing\Router->dispatch(Object(Illuminate\Http\Request))
#10 D:\My Projects\htdocs\laravel\ecomm\bootstrap\compiled.php(696): Illuminate\Foundation\Application->dispatch(Object(Illuminate\Http\Request))
#11 D:\My Projects\htdocs\laravel\ecomm\bootstrap\compiled.php(7825): Illuminate\Foundation\Application->handle(Object(Illuminate\Http\Request), 1, true)
#12 D:\My Projects\htdocs\laravel\ecomm\bootstrap\compiled.php(8432): Illuminate\Session\Middleware->handle(Object(Illuminate\Http\Request), 1, true)
#13 D:\My Projects\htdocs\laravel\ecomm\bootstrap\compiled.php(8379): Illuminate\Cookie\Queue->handle(Object(Illuminate\Http\Request), 1, true)
#14 D:\My Projects\htdocs\laravel\ecomm\bootstrap\compiled.php(11088): Illuminate\Cookie\Guard->handle(Object(Illuminate\Http\Request), 1, true)
#15 D:\My Projects\htdocs\laravel\ecomm\bootstrap\compiled.php(657): Stack\StackedHttpKernel->handle(Object(Illuminate\Http\Request))
#16 D:\My Projects\htdocs\laravel\ecomm\public\index.php(49): Illuminate\Foundation\Application->run()
#17 D:\My Projects\htdocs\laravel\ecomm\server.php(19): require_once('D:\\My Projects\\...')
#18 {main} [] []
[2015-11-16 16:56:58] production.ERROR: exception 'Symfony\Component\HttpKernel\Exception\NotFoundHttpException' in D:\My Projects\htdocs\laravel\ecomm\bootstrap\compiled.php:5751
Stack trace:
#0 D:\My Projects\htdocs\laravel\ecomm\bootstrap\compiled.php(5073): Illuminate\Routing\RouteCollection->match(Object(Illuminate\Http\Request))
#1 D:\My Projects\htdocs\laravel\ecomm\bootstrap\compiled.php(5061): Illuminate\Routing\Router->findRoute(Object(Illuminate\Http\Request))
#2 D:\My Projects\htdocs\laravel\ecomm\bootstrap\compiled.php(5053): Illuminate\Routing\Router->dispatchToRoute(Object(Illuminate\Http\Request))
#3 D:\My Projects\htdocs\laravel\ecomm\bootstrap\compiled.php(715): Illuminate\Routing\Router->dispatch(Object(Illuminate\Http\Request))
#4 D:\My Projects\htdocs\laravel\ecomm\bootstrap\compiled.php(696): Illuminate\Foundation\Application->dispatch(Object(Illuminate\Http\Request))
#5 D:\My Projects\htdocs\laravel\ecomm\bootstrap\compiled.php(7825): Illuminate\Foundation\Application->handle(Object(Illuminate\Http\Request), 1, true)
#6 D:\My Projects\htdocs\laravel\ecomm\bootstrap\compiled.php(8432): Illuminate\Session\Middleware->handle(Object(Illuminate\Http\Request), 1, true)
#7 D:\My Projects\htdocs\laravel\ecomm\bootstrap\compiled.php(8379): Illuminate\Cookie\Queue->handle(Object(Illuminate\Http\Request), 1, true)
#8 D:\My Projects\htdocs\laravel\ecomm\bootstrap\compiled.php(11088): Illuminate\Cookie\Guard->handle(Object(Illuminate\Http\Request), 1, true)
#9 D:\My Projects\htdocs\laravel\ecomm\bootstrap\compiled.php(657): Stack\StackedHttpKernel->handle(Object(Illuminate\Http\Request))
#10 D:\My Projects\htdocs\laravel\ecomm\public\index.php(49): Illuminate\Foundation\Application->run()
#11 D:\My Projects\htdocs\laravel\ecomm\server.php(19): require_once('D:\\My Projects\\...')
#12 {main} [] []
[2015-11-16 16:56:58] production.ERROR: exception 'Symfony\Component\HttpKernel\Exception\NotFoundHttpException' in D:\My Projects\htdocs\laravel\ecomm\bootstrap\compiled.php:5751
Stack trace:
#0 D:\My Projects\htdocs\laravel\ecomm\bootstrap\compiled.php(5073): Illuminate\Routing\RouteCollection->match(Object(Illuminate\Http\Request))
#1 D:\My Projects\htdocs\laravel\ecomm\bootstrap\compiled.php(5061): Illuminate\Routing\Router->findRoute(Object(Illuminate\Http\Request))
#2 D:\My Projects\htdocs\laravel\ecomm\bootstrap\compiled.php(5053): Illuminate\Routing\Router->dispatchToRoute(Object(Illuminate\Http\Request))
#3 D:\My Projects\htdocs\laravel\ecomm\bootstrap\compiled.php(715): Illuminate\Routing\Router->dispatch(Object(Illuminate\Http\Request))
#4 D:\My Projects\htdocs\laravel\ecomm\bootstrap\compiled.php(696): Illuminate\Foundation\Application->dispatch(Object(Illuminate\Http\Request))
#5 D:\My Projects\htdocs\laravel\ecomm\bootstrap\compiled.php(7825): Illuminate\Foundation\Application->handle(Object(Illuminate\Http\Request), 1, true)
#6 D:\My Projects\htdocs\laravel\ecomm\bootstrap\compiled.php(8432): Illuminate\Session\Middleware->handle(Object(Illuminate\Http\Request), 1, true)
#7 D:\My Projects\htdocs\laravel\ecomm\bootstrap\compiled.php(8379): Illuminate\Cookie\Queue->handle(Object(Illuminate\Http\Request), 1, true)
#8 D:\My Projects\htdocs\laravel\ecomm\bootstrap\compiled.php(11088): Illuminate\Cookie\Guard->handle(Object(Illuminate\Http\Request), 1, true)
#9 D:\My Projects\htdocs\laravel\ecomm\bootstrap\compiled.php(657): Stack\StackedHttpKernel->handle(Object(Illuminate\Http\Request))
#10 D:\My Projects\htdocs\laravel\ecomm\public\index.php(49): Illuminate\Foundation\Application->run()
#11 D:\My Projects\htdocs\laravel\ecomm\server.php(19): require_once('D:\\My Projects\\...')
#12 {main} [] []
[2015-11-16 16:56:58] production.ERROR: exception 'Symfony\Component\HttpKernel\Exception\NotFoundHttpException' in D:\My Projects\htdocs\laravel\ecomm\bootstrap\compiled.php:5751
Stack trace:
#0 D:\My Projects\htdocs\laravel\ecomm\bootstrap\compiled.php(5073): Illuminate\Routing\RouteCollection->match(Object(Illuminate\Http\Request))
#1 D:\My Projects\htdocs\laravel\ecomm\bootstrap\compiled.php(5061): Illuminate\Routing\Router->findRoute(Object(Illuminate\Http\Request))
#2 D:\My Projects\htdocs\laravel\ecomm\bootstrap\compiled.php(5053): Illuminate\Routing\Router->dispatchToRoute(Object(Illuminate\Http\Request))
#3 D:\My Projects\htdocs\laravel\ecomm\bootstrap\compiled.php(715): Illuminate\Routing\Router->dispatch(Object(Illuminate\Http\Request))
#4 D:\My Projects\htdocs\laravel\ecomm\bootstrap\compiled.php(696): Illuminate\Foundation\Application->dispatch(Object(Illuminate\Http\Request))
#5 D:\My Projects\htdocs\laravel\ecomm\bootstrap\compiled.php(7825): Illuminate\Foundation\Application->handle(Object(Illuminate\Http\Request), 1, true)
#6 D:\My Projects\htdocs\laravel\ecomm\bootstrap\compiled.php(8432): Illuminate\Session\Middleware->handle(Object(Illuminate\Http\Request), 1, true)
#7 D:\My Projects\htdocs\laravel\ecomm\bootstrap\compiled.php(8379): Illuminate\Cookie\Queue->handle(Object(Illuminate\Http\Request), 1, true)
#8 D:\My Projects\htdocs\laravel\ecomm\bootstrap\compiled.php(11088): Illuminate\Cookie\Guard->handle(Object(Illuminate\Http\Request), 1, true)
#9 D:\My Projects\htdocs\laravel\ecomm\bootstrap\compiled.php(657): Stack\StackedHttpKernel->handle(Object(Illuminate\Http\Request))
#10 D:\My Projects\htdocs\laravel\ecomm\public\index.php(49): Illuminate\Foundation\Application->run()
#11 D:\My Projects\htdocs\laravel\ecomm\server.php(19): require_once('D:\\My Projects\\...')
#12 {main} [] []
[2015-11-16 16:56:59] production.ERROR: exception 'Symfony\Component\HttpKernel\Exception\NotFoundHttpException' with message 'Controller method not found.' in D:\My Projects\htdocs\laravel\ecomm\vendor\laravel\framework\src\Illuminate\Routing\Controller.php:254
Stack trace:
#0 [internal function]: Illuminate\Routing\Controller->missingMethod(Array)
#1 D:\My Projects\htdocs\laravel\ecomm\vendor\laravel\framework\src\Illuminate\Routing\Controller.php(231): call_user_func_array(Array, Array)
#2 D:\My Projects\htdocs\laravel\ecomm\bootstrap\compiled.php(5847): Illuminate\Routing\Controller->callAction('missingMethod', Array)
#3 D:\My Projects\htdocs\laravel\ecomm\bootstrap\compiled.php(5835): Illuminate\Routing\ControllerDispatcher->call(Object(CategoriesController), Object(Illuminate\Routing\Route), 'missingMethod')
#4 D:\My Projects\htdocs\laravel\ecomm\bootstrap\compiled.php(5040): Illuminate\Routing\ControllerDispatcher->dispatch(Object(Illuminate\Routing\Route), Object(Illuminate\Http\Request), 'CategoriesContr...', 'missingMethod')
#5 [internal function]: Illuminate\Routing\Router->Illuminate\Routing\{closure}(Array)
#6 D:\My Projects\htdocs\laravel\ecomm\bootstrap\compiled.php(5398): call_user_func_array(Object(Closure), Array)
#7 D:\My Projects\htdocs\laravel\ecomm\bootstrap\compiled.php(5065): Illuminate\Routing\Route->run(Object(Illuminate\Http\Request))
#8 D:\My Projects\htdocs\laravel\ecomm\bootstrap\compiled.php(5053): Illuminate\Routing\Router->dispatchToRoute(Object(Illuminate\Http\Request))
#9 D:\My Projects\htdocs\laravel\ecomm\bootstrap\compiled.php(715): Illuminate\Routing\Router->dispatch(Object(Illuminate\Http\Request))
#10 D:\My Projects\htdocs\laravel\ecomm\bootstrap\compiled.php(696): Illuminate\Foundation\Application->dispatch(Object(Illuminate\Http\Request))
#11 D:\My Projects\htdocs\laravel\ecomm\bootstrap\compiled.php(7825): Illuminate\Foundation\Application->handle(Object(Illuminate\Http\Request), 1, true)
#12 D:\My Projects\htdocs\laravel\ecomm\bootstrap\compiled.php(8432): Illuminate\Session\Middleware->handle(Object(Illuminate\Http\Request), 1, true)
#13 D:\My Projects\htdocs\laravel\ecomm\bootstrap\compiled.php(8379): Illuminate\Cookie\Queue->handle(Object(Illuminate\Http\Request), 1, true)
#14 D:\My Projects\htdocs\laravel\ecomm\bootstrap\compiled.php(11088): Illuminate\Cookie\Guard->handle(Object(Illuminate\Http\Request), 1, true)
#15 D:\My Projects\htdocs\laravel\ecomm\bootstrap\compiled.php(657): Stack\StackedHttpKernel->handle(Object(Illuminate\Http\Request))
#16 D:\My Projects\htdocs\laravel\ecomm\public\index.php(49): Illuminate\Foundation\Application->run()
#17 D:\My Projects\htdocs\laravel\ecomm\server.php(19): require_once('D:\\My Projects\\...')
#18 {main} [] []
[2015-11-16 16:57:30] production.ERROR: exception 'Symfony\Component\HttpKernel\Exception\NotFoundHttpException' in D:\My Projects\htdocs\laravel\ecomm\bootstrap\compiled.php:5751
Stack trace:
#0 D:\My Projects\htdocs\laravel\ecomm\bootstrap\compiled.php(5073): Illuminate\Routing\RouteCollection->match(Object(Illuminate\Http\Request))
#1 D:\My Projects\htdocs\laravel\ecomm\bootstrap\compiled.php(5061): Illuminate\Routing\Router->findRoute(Object(Illuminate\Http\Request))
#2 D:\My Projects\htdocs\laravel\ecomm\bootstrap\compiled.php(5053): Illuminate\Routing\Router->dispatchToRoute(Object(Illuminate\Http\Request))
#3 D:\My Projects\htdocs\laravel\ecomm\bootstrap\compiled.php(715): Illuminate\Routing\Router->dispatch(Object(Illuminate\Http\Request))
#4 D:\My Projects\htdocs\laravel\ecomm\bootstrap\compiled.php(696): Illuminate\Foundation\Application->dispatch(Object(Illuminate\Http\Request))
#5 D:\My Projects\htdocs\laravel\ecomm\bootstrap\compiled.php(7825): Illuminate\Foundation\Application->handle(Object(Illuminate\Http\Request), 1, true)
#6 D:\My Projects\htdocs\laravel\ecomm\bootstrap\compiled.php(8432): Illuminate\Session\Middleware->handle(Object(Illuminate\Http\Request), 1, true)
#7 D:\My Projects\htdocs\laravel\ecomm\bootstrap\compiled.php(8379): Illuminate\Cookie\Queue->handle(Object(Illuminate\Http\Request), 1, true)
#8 D:\My Projects\htdocs\laravel\ecomm\bootstrap\compiled.php(11088): Illuminate\Cookie\Guard->handle(Object(Illuminate\Http\Request), 1, true)
#9 D:\My Projects\htdocs\laravel\ecomm\bootstrap\compiled.php(657): Stack\StackedHttpKernel->handle(Object(Illuminate\Http\Request))
#10 D:\My Projects\htdocs\laravel\ecomm\public\index.php(49): Illuminate\Foundation\Application->run()
#11 D:\My Projects\htdocs\laravel\ecomm\server.php(19): require_once('D:\\My Projects\\...')
#12 {main} [] []
[2015-11-16 16:58:02] production.ERROR: exception 'Symfony\Component\HttpKernel\Exception\NotFoundHttpException' in D:\My Projects\htdocs\laravel\ecomm\bootstrap\compiled.php:5751
Stack trace:
#0 D:\My Projects\htdocs\laravel\ecomm\bootstrap\compiled.php(5073): Illuminate\Routing\RouteCollection->match(Object(Illuminate\Http\Request))
#1 D:\My Projects\htdocs\laravel\ecomm\bootstrap\compiled.php(5061): Illuminate\Routing\Router->findRoute(Object(Illuminate\Http\Request))
#2 D:\My Projects\htdocs\laravel\ecomm\bootstrap\compiled.php(5053): Illuminate\Routing\Router->dispatchToRoute(Object(Illuminate\Http\Request))
#3 D:\My Projects\htdocs\laravel\ecomm\bootstrap\compiled.php(715): Illuminate\Routing\Router->dispatch(Object(Illuminate\Http\Request))
#4 D:\My Projects\htdocs\laravel\ecomm\bootstrap\compiled.php(696): Illuminate\Foundation\Application->dispatch(Object(Illuminate\Http\Request))
#5 D:\My Projects\htdocs\laravel\ecomm\bootstrap\compiled.php(7825): Illuminate\Foundation\Application->handle(Object(Illuminate\Http\Request), 1, true)
#6 D:\My Projects\htdocs\laravel\ecomm\bootstrap\compiled.php(8432): Illuminate\Session\Middleware->handle(Object(Illuminate\Http\Request), 1, true)
#7 D:\My Projects\htdocs\laravel\ecomm\bootstrap\compiled.php(8379): Illuminate\Cookie\Queue->handle(Object(Illuminate\Http\Request), 1, true)
#8 D:\My Projects\htdocs\laravel\ecomm\bootstrap\compiled.php(11088): Illuminate\Cookie\Guard->handle(Object(Illuminate\Http\Request), 1, true)
#9 D:\My Projects\htdocs\laravel\ecomm\bootstrap\compiled.php(657): Stack\StackedHttpKernel->handle(Object(Illuminate\Http\Request))
#10 D:\My Projects\htdocs\laravel\ecomm\public\index.php(49): Illuminate\Foundation\Application->run()
#11 D:\My Projects\htdocs\laravel\ecomm\server.php(19): require_once('D:\\My Projects\\...')
#12 {main} [] []
[2015-11-16 16:58:50] production.ERROR: exception 'Symfony\Component\HttpKernel\Exception\NotFoundHttpException' in D:\My Projects\htdocs\laravel\ecomm\bootstrap\compiled.php:5751
Stack trace:
#0 D:\My Projects\htdocs\laravel\ecomm\bootstrap\compiled.php(5073): Illuminate\Routing\RouteCollection->match(Object(Illuminate\Http\Request))
#1 D:\My Projects\htdocs\laravel\ecomm\bootstrap\compiled.php(5061): Illuminate\Routing\Router->findRoute(Object(Illuminate\Http\Request))
#2 D:\My Projects\htdocs\laravel\ecomm\bootstrap\compiled.php(5053): Illuminate\Routing\Router->dispatchToRoute(Object(Illuminate\Http\Request))
#3 D:\My Projects\htdocs\laravel\ecomm\bootstrap\compiled.php(715): Illuminate\Routing\Router->dispatch(Object(Illuminate\Http\Request))
#4 D:\My Projects\htdocs\laravel\ecomm\bootstrap\compiled.php(696): Illuminate\Foundation\Application->dispatch(Object(Illuminate\Http\Request))
#5 D:\My Projects\htdocs\laravel\ecomm\bootstrap\compiled.php(7825): Illuminate\Foundation\Application->handle(Object(Illuminate\Http\Request), 1, true)
#6 D:\My Projects\htdocs\laravel\ecomm\bootstrap\compiled.php(8432): Illuminate\Session\Middleware->handle(Object(Illuminate\Http\Request), 1, true)
#7 D:\My Projects\htdocs\laravel\ecomm\bootstrap\compiled.php(8379): Illuminate\Cookie\Queue->handle(Object(Illuminate\Http\Request), 1, true)
#8 D:\My Projects\htdocs\laravel\ecomm\bootstrap\compiled.php(11088): Illuminate\Cookie\Guard->handle(Object(Illuminate\Http\Request), 1, true)
#9 D:\My Projects\htdocs\laravel\ecomm\bootstrap\compiled.php(657): Stack\StackedHttpKernel->handle(Object(Illuminate\Http\Request))
#10 D:\My Projects\htdocs\laravel\ecomm\public\index.php(49): Illuminate\Foundation\Application->run()
#11 D:\My Projects\htdocs\laravel\ecomm\server.php(19): require_once('D:\\My Projects\\...')
#12 {main} [] []
[2015-11-16 16:59:40] production.ERROR: exception 'Symfony\Component\HttpKernel\Exception\NotFoundHttpException' in D:\My Projects\htdocs\laravel\ecomm\bootstrap\compiled.php:5751
Stack trace:
#0 D:\My Projects\htdocs\laravel\ecomm\bootstrap\compiled.php(5073): Illuminate\Routing\RouteCollection->match(Object(Illuminate\Http\Request))
#1 D:\My Projects\htdocs\laravel\ecomm\bootstrap\compiled.php(5061): Illuminate\Routing\Router->findRoute(Object(Illuminate\Http\Request))
#2 D:\My Projects\htdocs\laravel\ecomm\bootstrap\compiled.php(5053): Illuminate\Routing\Router->dispatchToRoute(Object(Illuminate\Http\Request))
#3 D:\My Projects\htdocs\laravel\ecomm\bootstrap\compiled.php(715): Illuminate\Routing\Router->dispatch(Object(Illuminate\Http\Request))
#4 D:\My Projects\htdocs\laravel\ecomm\bootstrap\compiled.php(696): Illuminate\Foundation\Application->dispatch(Object(Illuminate\Http\Request))
#5 D:\My Projects\htdocs\laravel\ecomm\bootstrap\compiled.php(7825): Illuminate\Foundation\Application->handle(Object(Illuminate\Http\Request), 1, true)
#6 D:\My Projects\htdocs\laravel\ecomm\bootstrap\compiled.php(8432): Illuminate\Session\Middleware->handle(Object(Illuminate\Http\Request), 1, true)
#7 D:\My Projects\htdocs\laravel\ecomm\bootstrap\compiled.php(8379): Illuminate\Cookie\Queue->handle(Object(Illuminate\Http\Request), 1, true)
#8 D:\My Projects\htdocs\laravel\ecomm\bootstrap\compiled.php(11088): Illuminate\Cookie\Guard->handle(Object(Illuminate\Http\Request), 1, true)
#9 D:\My Projects\htdocs\laravel\ecomm\bootstrap\compiled.php(657): Stack\StackedHttpKernel->handle(Object(Illuminate\Http\Request))
#10 D:\My Projects\htdocs\laravel\ecomm\public\index.php(49): Illuminate\Foundation\Application->run()
#11 D:\My Projects\htdocs\laravel\ecomm\server.php(19): require_once('D:\\My Projects\\...')
#12 {main} [] []
[2015-11-16 16:59:40] production.ERROR: exception 'Symfony\Component\HttpKernel\Exception\NotFoundHttpException' in D:\My Projects\htdocs\laravel\ecomm\bootstrap\compiled.php:5751
Stack trace:
#0 D:\My Projects\htdocs\laravel\ecomm\bootstrap\compiled.php(5073): Illuminate\Routing\RouteCollection->match(Object(Illuminate\Http\Request))
#1 D:\My Projects\htdocs\laravel\ecomm\bootstrap\compiled.php(5061): Illuminate\Routing\Router->findRoute(Object(Illuminate\Http\Request))
#2 D:\My Projects\htdocs\laravel\ecomm\bootstrap\compiled.php(5053): Illuminate\Routing\Router->dispatchToRoute(Object(Illuminate\Http\Request))
#3 D:\My Projects\htdocs\laravel\ecomm\bootstrap\compiled.php(715): Illuminate\Routing\Router->dispatch(Object(Illuminate\Http\Request))
#4 D:\My Projects\htdocs\laravel\ecomm\bootstrap\compiled.php(696): Illuminate\Foundation\Application->dispatch(Object(Illuminate\Http\Request))
#5 D:\My Projects\htdocs\laravel\ecomm\bootstrap\compiled.php(7825): Illuminate\Foundation\Application->handle(Object(Illuminate\Http\Request), 1, true)
#6 D:\My Projects\htdocs\laravel\ecomm\bootstrap\compiled.php(8432): Illuminate\Session\Middleware->handle(Object(Illuminate\Http\Request), 1, true)
#7 D:\My Projects\htdocs\laravel\ecomm\bootstrap\compiled.php(8379): Illuminate\Cookie\Queue->handle(Object(Illuminate\Http\Request), 1, true)
#8 D:\My Projects\htdocs\laravel\ecomm\bootstrap\compiled.php(11088): Illuminate\Cookie\Guard->handle(Object(Illuminate\Http\Request), 1, true)
#9 D:\My Projects\htdocs\laravel\ecomm\bootstrap\compiled.php(657): Stack\StackedHttpKernel->handle(Object(Illuminate\Http\Request))
#10 D:\My Projects\htdocs\laravel\ecomm\public\index.php(49): Illuminate\Foundation\Application->run()
#11 D:\My Projects\htdocs\laravel\ecomm\server.php(19): require_once('D:\\My Projects\\...')
#12 {main} [] []
[2015-11-16 16:59:40] production.ERROR: exception 'Symfony\Component\HttpKernel\Exception\NotFoundHttpException' with message 'Controller method not found.' in D:\My Projects\htdocs\laravel\ecomm\vendor\laravel\framework\src\Illuminate\Routing\Controller.php:254
Stack trace:
#0 [internal function]: Illuminate\Routing\Controller->missingMethod(Array)
#1 D:\My Projects\htdocs\laravel\ecomm\vendor\laravel\framework\src\Illuminate\Routing\Controller.php(231): call_user_func_array(Array, Array)
#2 D:\My Projects\htdocs\laravel\ecomm\bootstrap\compiled.php(5847): Illuminate\Routing\Controller->callAction('missingMethod', Array)
#3 D:\My Projects\htdocs\laravel\ecomm\bootstrap\compiled.php(5835): Illuminate\Routing\ControllerDispatcher->call(Object(CategoriesController), Object(Illuminate\Routing\Route), 'missingMethod')
#4 D:\My Projects\htdocs\laravel\ecomm\bootstrap\compiled.php(5040): Illuminate\Routing\ControllerDispatcher->dispatch(Object(Illuminate\Routing\Route), Object(Illuminate\Http\Request), 'CategoriesContr...', 'missingMethod')
#5 [internal function]: Illuminate\Routing\Router->Illuminate\Routing\{closure}(Array)
#6 D:\My Projects\htdocs\laravel\ecomm\bootstrap\compiled.php(5398): call_user_func_array(Object(Closure), Array)
#7 D:\My Projects\htdocs\laravel\ecomm\bootstrap\compiled.php(5065): Illuminate\Routing\Route->run(Object(Illuminate\Http\Request))
#8 D:\My Projects\htdocs\laravel\ecomm\bootstrap\compiled.php(5053): Illuminate\Routing\Router->dispatchToRoute(Object(Illuminate\Http\Request))
#9 D:\My Projects\htdocs\laravel\ecomm\bootstrap\compiled.php(715): Illuminate\Routing\Router->dispatch(Object(Illuminate\Http\Request))
#10 D:\My Projects\htdocs\laravel\ecomm\bootstrap\compiled.php(696): Illuminate\Foundation\Application->dispatch(Object(Illuminate\Http\Request))
#11 D:\My Projects\htdocs\laravel\ecomm\bootstrap\compiled.php(7825): Illuminate\Foundation\Application->handle(Object(Illuminate\Http\Request), 1, true)
#12 D:\My Projects\htdocs\laravel\ecomm\bootstrap\compiled.php(8432): Illuminate\Session\Middleware->handle(Object(Illuminate\Http\Request), 1, true)
#13 D:\My Projects\htdocs\laravel\ecomm\bootstrap\compiled.php(8379): Illuminate\Cookie\Queue->handle(Object(Illuminate\Http\Request), 1, true)
#14 D:\My Projects\htdocs\laravel\ecomm\bootstrap\compiled.php(11088): Illuminate\Cookie\Guard->handle(Object(Illuminate\Http\Request), 1, true)
#15 D:\My Projects\htdocs\laravel\ecomm\bootstrap\compiled.php(657): Stack\StackedHttpKernel->handle(Object(Illuminate\Http\Request))
#16 D:\My Projects\htdocs\laravel\ecomm\public\index.php(49): Illuminate\Foundation\Application->run()
#17 D:\My Projects\htdocs\laravel\ecomm\server.php(19): require_once('D:\\My Projects\\...')
#18 {main} [] []
[2015-11-16 17:00:43] production.ERROR: exception 'Symfony\Component\HttpKernel\Exception\NotFoundHttpException' in D:\My Projects\htdocs\laravel\ecomm\bootstrap\compiled.php:5751
Stack trace:
#0 D:\My Projects\htdocs\laravel\ecomm\bootstrap\compiled.php(5073): Illuminate\Routing\RouteCollection->match(Object(Illuminate\Http\Request))
#1 D:\My Projects\htdocs\laravel\ecomm\bootstrap\compiled.php(5061): Illuminate\Routing\Router->findRoute(Object(Illuminate\Http\Request))
#2 D:\My Projects\htdocs\laravel\ecomm\bootstrap\compiled.php(5053): Illuminate\Routing\Router->dispatchToRoute(Object(Illuminate\Http\Request))
#3 D:\My Projects\htdocs\laravel\ecomm\bootstrap\compiled.php(715): Illuminate\Routing\Router->dispatch(Object(Illuminate\Http\Request))
#4 D:\My Projects\htdocs\laravel\ecomm\bootstrap\compiled.php(696): Illuminate\Foundation\Application->dispatch(Object(Illuminate\Http\Request))
#5 D:\My Projects\htdocs\laravel\ecomm\bootstrap\compiled.php(7825): Illuminate\Foundation\Application->handle(Object(Illuminate\Http\Request), 1, true)
#6 D:\My Projects\htdocs\laravel\ecomm\bootstrap\compiled.php(8432): Illuminate\Session\Middleware->handle(Object(Illuminate\Http\Request), 1, true)
#7 D:\My Projects\htdocs\laravel\ecomm\bootstrap\compiled.php(8379): Illuminate\Cookie\Queue->handle(Object(Illuminate\Http\Request), 1, true)
#8 D:\My Projects\htdocs\laravel\ecomm\bootstrap\compiled.php(11088): Illuminate\Cookie\Guard->handle(Object(Illuminate\Http\Request), 1, true)
#9 D:\My Projects\htdocs\laravel\ecomm\bootstrap\compiled.php(657): Stack\StackedHttpKernel->handle(Object(Illuminate\Http\Request))
#10 D:\My Projects\htdocs\laravel\ecomm\public\index.php(49): Illuminate\Foundation\Application->run()
#11 D:\My Projects\htdocs\laravel\ecomm\server.php(19): require_once('D:\\My Projects\\...')
#12 {main} [] []
[2015-11-16 17:00:43] production.ERROR: exception 'Symfony\Component\HttpKernel\Exception\NotFoundHttpException' in D:\My Projects\htdocs\laravel\ecomm\bootstrap\compiled.php:5751
Stack trace:
#0 D:\My Projects\htdocs\laravel\ecomm\bootstrap\compiled.php(5073): Illuminate\Routing\RouteCollection->match(Object(Illuminate\Http\Request))
#1 D:\My Projects\htdocs\laravel\ecomm\bootstrap\compiled.php(5061): Illuminate\Routing\Router->findRoute(Object(Illuminate\Http\Request))
#2 D:\My Projects\htdocs\laravel\ecomm\bootstrap\compiled.php(5053): Illuminate\Routing\Router->dispatchToRoute(Object(Illuminate\Http\Request))
#3 D:\My Projects\htdocs\laravel\ecomm\bootstrap\compiled.php(715): Illuminate\Routing\Router->dispatch(Object(Illuminate\Http\Request))
#4 D:\My Projects\htdocs\laravel\ecomm\bootstrap\compiled.php(696): Illuminate\Foundation\Application->dispatch(Object(Illuminate\Http\Request))
#5 D:\My Projects\htdocs\laravel\ecomm\bootstrap\compiled.php(7825): Illuminate\Foundation\Application->handle(Object(Illuminate\Http\Request), 1, true)
#6 D:\My Projects\htdocs\laravel\ecomm\bootstrap\compiled.php(8432): Illuminate\Session\Middleware->handle(Object(Illuminate\Http\Request), 1, true)
#7 D:\My Projects\htdocs\laravel\ecomm\bootstrap\compiled.php(8379): Illuminate\Cookie\Queue->handle(Object(Illuminate\Http\Request), 1, true)
#8 D:\My Projects\htdocs\laravel\ecomm\bootstrap\compiled.php(11088): Illuminate\Cookie\Guard->handle(Object(Illuminate\Http\Request), 1, true)
#9 D:\My Projects\htdocs\laravel\ecomm\bootstrap\compiled.php(657): Stack\StackedHttpKernel->handle(Object(Illuminate\Http\Request))
#10 D:\My Projects\htdocs\laravel\ecomm\public\index.php(49): Illuminate\Foundation\Application->run()
#11 D:\My Projects\htdocs\laravel\ecomm\server.php(19): require_once('D:\\My Projects\\...')
#12 {main} [] []
[2015-11-16 17:00:44] production.ERROR: exception 'Symfony\Component\HttpKernel\Exception\NotFoundHttpException' with message 'Controller method not found.' in D:\My Projects\htdocs\laravel\ecomm\vendor\laravel\framework\src\Illuminate\Routing\Controller.php:254
Stack trace:
#0 [internal function]: Illuminate\Routing\Controller->missingMethod(Array)
#1 D:\My Projects\htdocs\laravel\ecomm\vendor\laravel\framework\src\Illuminate\Routing\Controller.php(231): call_user_func_array(Array, Array)
#2 D:\My Projects\htdocs\laravel\ecomm\bootstrap\compiled.php(5847): Illuminate\Routing\Controller->callAction('missingMethod', Array)
#3 D:\My Projects\htdocs\laravel\ecomm\bootstrap\compiled.php(5835): Illuminate\Routing\ControllerDispatcher->call(Object(CategoriesController), Object(Illuminate\Routing\Route), 'missingMethod')
#4 D:\My Projects\htdocs\laravel\ecomm\bootstrap\compiled.php(5040): Illuminate\Routing\ControllerDispatcher->dispatch(Object(Illuminate\Routing\Route), Object(Illuminate\Http\Request), 'CategoriesContr...', 'missingMethod')
#5 [internal function]: Illuminate\Routing\Router->Illuminate\Routing\{closure}(Array)
#6 D:\My Projects\htdocs\laravel\ecomm\bootstrap\compiled.php(5398): call_user_func_array(Object(Closure), Array)
#7 D:\My Projects\htdocs\laravel\ecomm\bootstrap\compiled.php(5065): Illuminate\Routing\Route->run(Object(Illuminate\Http\Request))
#8 D:\My Projects\htdocs\laravel\ecomm\bootstrap\compiled.php(5053): Illuminate\Routing\Router->dispatchToRoute(Object(Illuminate\Http\Request))
#9 D:\My Projects\htdocs\laravel\ecomm\bootstrap\compiled.php(715): Illuminate\Routing\Router->dispatch(Object(Illuminate\Http\Request))
#10 D:\My Projects\htdocs\laravel\ecomm\bootstrap\compiled.php(696): Illuminate\Foundation\Application->dispatch(Object(Illuminate\Http\Request))
#11 D:\My Projects\htdocs\laravel\ecomm\bootstrap\compiled.php(7825): Illuminate\Foundation\Application->handle(Object(Illuminate\Http\Request), 1, true)
#12 D:\My Projects\htdocs\laravel\ecomm\bootstrap\compiled.php(8432): Illuminate\Session\Middleware->handle(Object(Illuminate\Http\Request), 1, true)
#13 D:\My Projects\htdocs\laravel\ecomm\bootstrap\compiled.php(8379): Illuminate\Cookie\Queue->handle(Object(Illuminate\Http\Request), 1, true)
#14 D:\My Projects\htdocs\laravel\ecomm\bootstrap\compiled.php(11088): Illuminate\Cookie\Guard->handle(Object(Illuminate\Http\Request), 1, true)
#15 D:\My Projects\htdocs\laravel\ecomm\bootstrap\compiled.php(657): Stack\StackedHttpKernel->handle(Object(Illuminate\Http\Request))
#16 D:\My Projects\htdocs\laravel\ecomm\public\index.php(49): Illuminate\Foundation\Application->run()
#17 D:\My Projects\htdocs\laravel\ecomm\server.php(19): require_once('D:\\My Projects\\...')
#18 {main} [] []
[2015-11-16 17:08:30] production.ERROR: exception 'Symfony\Component\HttpKernel\Exception\NotFoundHttpException' in D:\My Projects\htdocs\laravel\ecomm\bootstrap\compiled.php:5751
Stack trace:
#0 D:\My Projects\htdocs\laravel\ecomm\bootstrap\compiled.php(5073): Illuminate\Routing\RouteCollection->match(Object(Illuminate\Http\Request))
#1 D:\My Projects\htdocs\laravel\ecomm\bootstrap\compiled.php(5061): Illuminate\Routing\Router->findRoute(Object(Illuminate\Http\Request))
#2 D:\My Projects\htdocs\laravel\ecomm\bootstrap\compiled.php(5053): Illuminate\Routing\Router->dispatchToRoute(Object(Illuminate\Http\Request))
#3 D:\My Projects\htdocs\laravel\ecomm\bootstrap\compiled.php(715): Illuminate\Routing\Router->dispatch(Object(Illuminate\Http\Request))
#4 D:\My Projects\htdocs\laravel\ecomm\bootstrap\compiled.php(696): Illuminate\Foundation\Application->dispatch(Object(Illuminate\Http\Request))
#5 D:\My Projects\htdocs\laravel\ecomm\bootstrap\compiled.php(7825): Illuminate\Foundation\Application->handle(Object(Illuminate\Http\Request), 1, true)
#6 D:\My Projects\htdocs\laravel\ecomm\bootstrap\compiled.php(8432): Illuminate\Session\Middleware->handle(Object(Illuminate\Http\Request), 1, true)
#7 D:\My Projects\htdocs\laravel\ecomm\bootstrap\compiled.php(8379): Illuminate\Cookie\Queue->handle(Object(Illuminate\Http\Request), 1, true)
#8 D:\My Projects\htdocs\laravel\ecomm\bootstrap\compiled.php(11088): Illuminate\Cookie\Guard->handle(Object(Illuminate\Http\Request), 1, true)
#9 D:\My Projects\htdocs\laravel\ecomm\bootstrap\compiled.php(657): Stack\StackedHttpKernel->handle(Object(Illuminate\Http\Request))
#10 D:\My Projects\htdocs\laravel\ecomm\public\index.php(49): Illuminate\Foundation\Application->run()
#11 D:\My Projects\htdocs\laravel\ecomm\server.php(19): require_once('D:\\My Projects\\...')
#12 {main} [] []
[2015-11-16 17:08:30] production.ERROR: exception 'Symfony\Component\HttpKernel\Exception\NotFoundHttpException' in D:\My Projects\htdocs\laravel\ecomm\bootstrap\compiled.php:5751
Stack trace:
#0 D:\My Projects\htdocs\laravel\ecomm\bootstrap\compiled.php(5073): Illuminate\Routing\RouteCollection->match(Object(Illuminate\Http\Request))
#1 D:\My Projects\htdocs\laravel\ecomm\bootstrap\compiled.php(5061): Illuminate\Routing\Router->findRoute(Object(Illuminate\Http\Request))
#2 D:\My Projects\htdocs\laravel\ecomm\bootstrap\compiled.php(5053): Illuminate\Routing\Router->dispatchToRoute(Object(Illuminate\Http\Request))
#3 D:\My Projects\htdocs\laravel\ecomm\bootstrap\compiled.php(715): Illuminate\Routing\Router->dispatch(Object(Illuminate\Http\Request))
#4 D:\My Projects\htdocs\laravel\ecomm\bootstrap\compiled.php(696): Illuminate\Foundation\Application->dispatch(Object(Illuminate\Http\Request))
#5 D:\My Projects\htdocs\laravel\ecomm\bootstrap\compiled.php(7825): Illuminate\Foundation\Application->handle(Object(Illuminate\Http\Request), 1, true)
#6 D:\My Projects\htdocs\laravel\ecomm\bootstrap\compiled.php(8432): Illuminate\Session\Middleware->handle(Object(Illuminate\Http\Request), 1, true)
#7 D:\My Projects\htdocs\laravel\ecomm\bootstrap\compiled.php(8379): Illuminate\Cookie\Queue->handle(Object(Illuminate\Http\Request), 1, true)
#8 D:\My Projects\htdocs\laravel\ecomm\bootstrap\compiled.php(11088): Illuminate\Cookie\Guard->handle(Object(Illuminate\Http\Request), 1, true)
#9 D:\My Projects\htdocs\laravel\ecomm\bootstrap\compiled.php(657): Stack\StackedHttpKernel->handle(Object(Illuminate\Http\Request))
#10 D:\My Projects\htdocs\laravel\ecomm\public\index.php(49): Illuminate\Foundation\Application->run()
#11 D:\My Projects\htdocs\laravel\ecomm\server.php(19): require_once('D:\\My Projects\\...')
#12 {main} [] []
[2015-11-16 17:08:30] production.ERROR: exception 'Symfony\Component\HttpKernel\Exception\NotFoundHttpException' with message 'Controller method not found.' in D:\My Projects\htdocs\laravel\ecomm\vendor\laravel\framework\src\Illuminate\Routing\Controller.php:254
Stack trace:
#0 [internal function]: Illuminate\Routing\Controller->missingMethod(Array)
#1 D:\My Projects\htdocs\laravel\ecomm\vendor\laravel\framework\src\Illuminate\Routing\Controller.php(231): call_user_func_array(Array, Array)
#2 D:\My Projects\htdocs\laravel\ecomm\bootstrap\compiled.php(5847): Illuminate\Routing\Controller->callAction('missingMethod', Array)
#3 D:\My Projects\htdocs\laravel\ecomm\bootstrap\compiled.php(5835): Illuminate\Routing\ControllerDispatcher->call(Object(CategoriesController), Object(Illuminate\Routing\Route), 'missingMethod')
#4 D:\My Projects\htdocs\laravel\ecomm\bootstrap\compiled.php(5040): Illuminate\Routing\ControllerDispatcher->dispatch(Object(Illuminate\Routing\Route), Object(Illuminate\Http\Request), 'CategoriesContr...', 'missingMethod')
#5 [internal function]: Illuminate\Routing\Router->Illuminate\Routing\{closure}(Array)
#6 D:\My Projects\htdocs\laravel\ecomm\bootstrap\compiled.php(5398): call_user_func_array(Object(Closure), Array)
#7 D:\My Projects\htdocs\laravel\ecomm\bootstrap\compiled.php(5065): Illuminate\Routing\Route->run(Object(Illuminate\Http\Request))
#8 D:\My Projects\htdocs\laravel\ecomm\bootstrap\compiled.php(5053): Illuminate\Routing\Router->dispatchToRoute(Object(Illuminate\Http\Request))
#9 D:\My Projects\htdocs\laravel\ecomm\bootstrap\compiled.php(715): Illuminate\Routing\Router->dispatch(Object(Illuminate\Http\Request))
#10 D:\My Projects\htdocs\laravel\ecomm\bootstrap\compiled.php(696): Illuminate\Foundation\Application->dispatch(Object(Illuminate\Http\Request))
#11 D:\My Projects\htdocs\laravel\ecomm\bootstrap\compiled.php(7825): Illuminate\Foundation\Application->handle(Object(Illuminate\Http\Request), 1, true)
#12 D:\My Projects\htdocs\laravel\ecomm\bootstrap\compiled.php(8432): Illuminate\Session\Middleware->handle(Object(Illuminate\Http\Request), 1, true)
#13 D:\My Projects\htdocs\laravel\ecomm\bootstrap\compiled.php(8379): Illuminate\Cookie\Queue->handle(Object(Illuminate\Http\Request), 1, true)
#14 D:\My Projects\htdocs\laravel\ecomm\bootstrap\compiled.php(11088): Illuminate\Cookie\Guard->handle(Object(Illuminate\Http\Request), 1, true)
#15 D:\My Projects\htdocs\laravel\ecomm\bootstrap\compiled.php(657): Stack\StackedHttpKernel->handle(Object(Illuminate\Http\Request))
#16 D:\My Projects\htdocs\laravel\ecomm\public\index.php(49): Illuminate\Foundation\Application->run()
#17 D:\My Projects\htdocs\laravel\ecomm\server.php(19): require_once('D:\\My Projects\\...')
#18 {main} [] []
[2015-11-16 17:09:52] production.ERROR: exception 'Symfony\Component\HttpKernel\Exception\NotFoundHttpException' in D:\My Projects\htdocs\laravel\ecomm\bootstrap\compiled.php:5751
Stack trace:
#0 D:\My Projects\htdocs\laravel\ecomm\bootstrap\compiled.php(5073): Illuminate\Routing\RouteCollection->match(Object(Illuminate\Http\Request))
#1 D:\My Projects\htdocs\laravel\ecomm\bootstrap\compiled.php(5061): Illuminate\Routing\Router->findRoute(Object(Illuminate\Http\Request))
#2 D:\My Projects\htdocs\laravel\ecomm\bootstrap\compiled.php(5053): Illuminate\Routing\Router->dispatchToRoute(Object(Illuminate\Http\Request))
#3 D:\My Projects\htdocs\laravel\ecomm\bootstrap\compiled.php(715): Illuminate\Routing\Router->dispatch(Object(Illuminate\Http\Request))
#4 D:\My Projects\htdocs\laravel\ecomm\bootstrap\compiled.php(696): Illuminate\Foundation\Application->dispatch(Object(Illuminate\Http\Request))
#5 D:\My Projects\htdocs\laravel\ecomm\bootstrap\compiled.php(7825): Illuminate\Foundation\Application->handle(Object(Illuminate\Http\Request), 1, true)
#6 D:\My Projects\htdocs\laravel\ecomm\bootstrap\compiled.php(8432): Illuminate\Session\Middleware->handle(Object(Illuminate\Http\Request), 1, true)
#7 D:\My Projects\htdocs\laravel\ecomm\bootstrap\compiled.php(8379): Illuminate\Cookie\Queue->handle(Object(Illuminate\Http\Request), 1, true)
#8 D:\My Projects\htdocs\laravel\ecomm\bootstrap\compiled.php(11088): Illuminate\Cookie\Guard->handle(Object(Illuminate\Http\Request), 1, true)
#9 D:\My Projects\htdocs\laravel\ecomm\bootstrap\compiled.php(657): Stack\StackedHttpKernel->handle(Object(Illuminate\Http\Request))
#10 D:\My Projects\htdocs\laravel\ecomm\public\index.php(49): Illuminate\Foundation\Application->run()
#11 D:\My Projects\htdocs\laravel\ecomm\server.php(19): require_once('D:\\My Projects\\...')
#12 {main} [] []
[2015-11-16 17:09:52] production.ERROR: exception 'Symfony\Component\HttpKernel\Exception\NotFoundHttpException' with message 'Controller method not found.' in D:\My Projects\htdocs\laravel\ecomm\vendor\laravel\framework\src\Illuminate\Routing\Controller.php:254
Stack trace:
#0 [internal function]: Illuminate\Routing\Controller->missingMethod(Array)
#1 D:\My Projects\htdocs\laravel\ecomm\vendor\laravel\framework\src\Illuminate\Routing\Controller.php(231): call_user_func_array(Array, Array)
#2 D:\My Projects\htdocs\laravel\ecomm\bootstrap\compiled.php(5847): Illuminate\Routing\Controller->callAction('missingMethod', Array)
#3 D:\My Projects\htdocs\laravel\ecomm\bootstrap\compiled.php(5835): Illuminate\Routing\ControllerDispatcher->call(Object(CategoriesController), Object(Illuminate\Routing\Route), 'missingMethod')
#4 D:\My Projects\htdocs\laravel\ecomm\bootstrap\compiled.php(5040): Illuminate\Routing\ControllerDispatcher->dispatch(Object(Illuminate\Routing\Route), Object(Illuminate\Http\Request), 'CategoriesContr...', 'missingMethod')
#5 [internal function]: Illuminate\Routing\Router->Illuminate\Routing\{closure}(Array)
#6 D:\My Projects\htdocs\laravel\ecomm\bootstrap\compiled.php(5398): call_user_func_array(Object(Closure), Array)
#7 D:\My Projects\htdocs\laravel\ecomm\bootstrap\compiled.php(5065): Illuminate\Routing\Route->run(Object(Illuminate\Http\Request))
#8 D:\My Projects\htdocs\laravel\ecomm\bootstrap\compiled.php(5053): Illuminate\Routing\Router->dispatchToRoute(Object(Illuminate\Http\Request))
#9 D:\My Projects\htdocs\laravel\ecomm\bootstrap\compiled.php(715): Illuminate\Routing\Router->dispatch(Object(Illuminate\Http\Request))
#10 D:\My Projects\htdocs\laravel\ecomm\bootstrap\compiled.php(696): Illuminate\Foundation\Application->dispatch(Object(Illuminate\Http\Request))
#11 D:\My Projects\htdocs\laravel\ecomm\bootstrap\compiled.php(7825): Illuminate\Foundation\Application->handle(Object(Illuminate\Http\Request), 1, true)
#12 D:\My Projects\htdocs\laravel\ecomm\bootstrap\compiled.php(8432): Illuminate\Session\Middleware->handle(Object(Illuminate\Http\Request), 1, true)
#13 D:\My Projects\htdocs\laravel\ecomm\bootstrap\compiled.php(8379): Illuminate\Cookie\Queue->handle(Object(Illuminate\Http\Request), 1, true)
#14 D:\My Projects\htdocs\laravel\ecomm\bootstrap\compiled.php(11088): Illuminate\Cookie\Guard->handle(Object(Illuminate\Http\Request), 1, true)
#15 D:\My Projects\htdocs\laravel\ecomm\bootstrap\compiled.php(657): Stack\StackedHttpKernel->handle(Object(Illuminate\Http\Request))
#16 D:\My Projects\htdocs\laravel\ecomm\public\index.php(49): Illuminate\Foundation\Application->run()
#17 D:\My Projects\htdocs\laravel\ecomm\server.php(19): require_once('D:\\My Projects\\...')
#18 {main} [] []
[2015-11-16 17:10:38] production.ERROR: exception 'Symfony\Component\HttpKernel\Exception\NotFoundHttpException' with message 'Controller method not found.' in D:\My Projects\htdocs\laravel\ecomm\vendor\laravel\framework\src\Illuminate\Routing\Controller.php:254
Stack trace:
#0 [internal function]: Illuminate\Routing\Controller->missingMethod(Array)
#1 D:\My Projects\htdocs\laravel\ecomm\vendor\laravel\framework\src\Illuminate\Routing\Controller.php(231): call_user_func_array(Array, Array)
#2 D:\My Projects\htdocs\laravel\ecomm\bootstrap\compiled.php(5847): Illuminate\Routing\Controller->callAction('missingMethod', Array)
#3 D:\My Projects\htdocs\laravel\ecomm\bootstrap\compiled.php(5835): Illuminate\Routing\ControllerDispatcher->call(Object(CategoriesController), Object(Illuminate\Routing\Route), 'missingMethod')
#4 D:\My Projects\htdocs\laravel\ecomm\bootstrap\compiled.php(5040): Illuminate\Routing\ControllerDispatcher->dispatch(Object(Illuminate\Routing\Route), Object(Illuminate\Http\Request), 'CategoriesContr...', 'missingMethod')
#5 [internal function]: Illuminate\Routing\Router->Illuminate\Routing\{closure}(Array)
#6 D:\My Projects\htdocs\laravel\ecomm\bootstrap\compiled.php(5398): call_user_func_array(Object(Closure), Array)
#7 D:\My Projects\htdocs\laravel\ecomm\bootstrap\compiled.php(5065): Illuminate\Routing\Route->run(Object(Illuminate\Http\Request))
#8 D:\My Projects\htdocs\laravel\ecomm\bootstrap\compiled.php(5053): Illuminate\Routing\Router->dispatchToRoute(Object(Illuminate\Http\Request))
#9 D:\My Projects\htdocs\laravel\ecomm\bootstrap\compiled.php(715): Illuminate\Routing\Router->dispatch(Object(Illuminate\Http\Request))
#10 D:\My Projects\htdocs\laravel\ecomm\bootstrap\compiled.php(696): Illuminate\Foundation\Application->dispatch(Object(Illuminate\Http\Request))
#11 D:\My Projects\htdocs\laravel\ecomm\bootstrap\compiled.php(7825): Illuminate\Foundation\Application->handle(Object(Illuminate\Http\Request), 1, true)
#12 D:\My Projects\htdocs\laravel\ecomm\bootstrap\compiled.php(8432): Illuminate\Session\Middleware->handle(Object(Illuminate\Http\Request), 1, true)
#13 D:\My Projects\htdocs\laravel\ecomm\bootstrap\compiled.php(8379): Illuminate\Cookie\Queue->handle(Object(Illuminate\Http\Request), 1, true)
#14 D:\My Projects\htdocs\laravel\ecomm\bootstrap\compiled.php(11088): Illuminate\Cookie\Guard->handle(Object(Illuminate\Http\Request), 1, true)
#15 D:\My Projects\htdocs\laravel\ecomm\bootstrap\compiled.php(657): Stack\StackedHttpKernel->handle(Object(Illuminate\Http\Request))
#16 D:\My Projects\htdocs\laravel\ecomm\public\index.php(49): Illuminate\Foundation\Application->run()
#17 D:\My Projects\htdocs\laravel\ecomm\server.php(19): require_once('D:\\My Projects\\...')
#18 {main} [] []
[2015-11-16 17:11:38] production.ERROR: exception 'Symfony\Component\HttpKernel\Exception\NotFoundHttpException' with message 'Controller method not found.' in D:\My Projects\htdocs\laravel\ecomm\vendor\laravel\framework\src\Illuminate\Routing\Controller.php:254
Stack trace:
#0 [internal function]: Illuminate\Routing\Controller->missingMethod(Array)
#1 D:\My Projects\htdocs\laravel\ecomm\vendor\laravel\framework\src\Illuminate\Routing\Controller.php(231): call_user_func_array(Array, Array)
#2 D:\My Projects\htdocs\laravel\ecomm\bootstrap\compiled.php(5847): Illuminate\Routing\Controller->callAction('missingMethod', Array)
#3 D:\My Projects\htdocs\laravel\ecomm\bootstrap\compiled.php(5835): Illuminate\Routing\ControllerDispatcher->call(Object(CategoriesController), Object(Illuminate\Routing\Route), 'missingMethod')
#4 D:\My Projects\htdocs\laravel\ecomm\bootstrap\compiled.php(5040): Illuminate\Routing\ControllerDispatcher->dispatch(Object(Illuminate\Routing\Route), Object(Illuminate\Http\Request), 'CategoriesContr...', 'missingMethod')
#5 [internal function]: Illuminate\Routing\Router->Illuminate\Routing\{closure}(Array)
#6 D:\My Projects\htdocs\laravel\ecomm\bootstrap\compiled.php(5398): call_user_func_array(Object(Closure), Array)
#7 D:\My Projects\htdocs\laravel\ecomm\bootstrap\compiled.php(5065): Illuminate\Routing\Route->run(Object(Illuminate\Http\Request))
#8 D:\My Projects\htdocs\laravel\ecomm\bootstrap\compiled.php(5053): Illuminate\Routing\Router->dispatchToRoute(Object(Illuminate\Http\Request))
#9 D:\My Projects\htdocs\laravel\ecomm\bootstrap\compiled.php(715): Illuminate\Routing\Router->dispatch(Object(Illuminate\Http\Request))
#10 D:\My Projects\htdocs\laravel\ecomm\bootstrap\compiled.php(696): Illuminate\Foundation\Application->dispatch(Object(Illuminate\Http\Request))
#11 D:\My Projects\htdocs\laravel\ecomm\bootstrap\compiled.php(7825): Illuminate\Foundation\Application->handle(Object(Illuminate\Http\Request), 1, true)
#12 D:\My Projects\htdocs\laravel\ecomm\bootstrap\compiled.php(8432): Illuminate\Session\Middleware->handle(Object(Illuminate\Http\Request), 1, true)
#13 D:\My Projects\htdocs\laravel\ecomm\bootstrap\compiled.php(8379): Illuminate\Cookie\Queue->handle(Object(Illuminate\Http\Request), 1, true)
#14 D:\My Projects\htdocs\laravel\ecomm\bootstrap\compiled.php(11088): Illuminate\Cookie\Guard->handle(Object(Illuminate\Http\Request), 1, true)
#15 D:\My Projects\htdocs\laravel\ecomm\bootstrap\compiled.php(657): Stack\StackedHttpKernel->handle(Object(Illuminate\Http\Request))
#16 D:\My Projects\htdocs\laravel\ecomm\public\index.php(49): Illuminate\Foundation\Application->run()
#17 D:\My Projects\htdocs\laravel\ecomm\server.php(19): require_once('D:\\My Projects\\...')
#18 {main} [] []
